[+] Containers:
 |- [+] Container: /Game/FirstPerson/Maps/FirstPersonMap
 |   |- [+] ActorDescs:
 |   |   |- Guid:014139064B272AE31FF877B819CB5734 BaseClass: NativeClass:/Script/Engine.StaticMeshActor Name:StaticMeshActor_8 Label:SM_ChamferCube3 SpatiallyLoaded:1 Bounds:IsValid=true, Min=(X=1125.092 Y=1955.745 Z=-5.161), Max=(X=1253.943 Y=2084.596 Z=89.164) RuntimeGrid:None EditorOnly:0 RuntimeOnly:0 HLODRelevant:0 FolderPath:SimulatedCubes FolderGuid:9AEEADCB4DC6C647D6E7C0B4EDA1744F
 |   |   |- Guid:0EDB289B45CB7E0977A6DBA74201EE76 BaseClass: NativeClass:/Script/Engine.StaticMeshActor Name:StaticMeshActor_10 Label:SM_Cube6 SpatiallyLoaded:1 Bounds:IsValid=true, Min=(X=2900.000 Y=100.000 Z=0.000), Max=(X=3000.000 Y=3400.000 Z=400.000) RuntimeGrid:None EditorOnly:0 RuntimeOnly:0 HLODRelevant:1 FolderPath:Playground FolderGuid:6C02BB504B69D1F3D7A624B130C18E5B
 |   |   |- Guid:21262252453B37957EF29F82ABA2413B BaseClass: NativeClass:/Script/Engine.TextRenderActor Name:TextRenderActor_1 Label:TextRenderActor SpatiallyLoaded:1 Bounds:IsValid=true, Min=(X=-0.100 Y=1100.000 Z=65.013), Max=(X=-0.100 Y=2363.461 Z=215.013) RuntimeGrid:None EditorOnly:0 RuntimeOnly:0 HLODRelevant:0
 |   |   |- Guid:2A78EF094E089635A07B30AB9A046A81 BaseClass: NativeClass:/Script/Engine.StaticMeshActor Name:StaticMeshActor_47 Label:SM_ChamferCube13 SpatiallyLoaded:1 Bounds:IsValid=true, Min=(X=731.746 Y=2762.352 Z=100.013), Max=(X=872.629 Y=2903.235 Z=200.013) RuntimeGrid:None EditorOnly:0 RuntimeOnly:0 HLODRelevant:0 FolderPath:SimulatedCubes FolderGuid:9AEEADCB4DC6C647D6E7C0B4EDA1744F
 |   |   |- Guid:373BCADC4E0B3E726ED494AC5627B351 BaseClass: NativeClass:/Script/Engine.StaticMeshActor Name:StaticMeshActor_40 Label:SM_ChamferCube8 SpatiallyLoaded:1 Bounds:IsValid=true, Min=(X=2313.116 Y=1273.116 Z=0.063), Max=(X=2486.884 Y=1446.884 Z=150.063) RuntimeGrid:None EditorOnly:0 RuntimeOnly:0 HLODRelevant:0 FolderPath:SimulatedCubes FolderGuid:9AEEADCB4DC6C647D6E7C0B4EDA1744F
 |   |   |- Guid:4E7B03D240C8095A98E5708F41E1DDD8 BaseClass: NativeClass:/Script/Engine.StaticMeshActor Name:StaticMeshActor_15 Label:SM_Cube10 SpatiallyLoaded:1 Bounds:IsValid=true, Min=(X=2345.000 Y=1000.000 Z=100.000), Max=(X=2545.000 Y=1100.000 Z=200.000) RuntimeGrid:None EditorOnly:0 RuntimeOnly:0 HLODRelevant:1 FolderPath:Block01 FolderGuid:5710F1034B6DC7FBD588718E283EB93C
 |   |   |- Guid:503301344EDD2580C9B8269BA1FF0C83 BaseClass: NativeClass:/Script/Engine.StaticMeshActor Name:StaticMeshActor_29 Label:SM_ChamferCube4 SpatiallyLoaded:1 Bounds:IsValid=true, Min=(X=334.338 Y=334.338 Z=0.063), Max=(X=545.662 Y=545.662 Z=150.063) RuntimeGrid:None EditorOnly:0 RuntimeOnly:0 HLODRelevant:0 FolderPath:SimulatedCubes FolderGuid:9AEEADCB4DC6C647D6E7C0B4EDA1744F
 |   |   |- Guid:540E8C5E4191C186DAFA39989A42F977 BaseClass: NativeClass:/Script/Engine.StaticMeshActor Name:StaticMeshActor_13 Label:SM_Cube9 SpatiallyLoaded:1 Bounds:IsValid=true, Min=(X=2345.000 Y=400.000 Z=0.000), Max=(X=2545.000 Y=1100.000 Z=100.000) RuntimeGrid:None EditorOnly:0 RuntimeOnly:0 HLODRelevant:1 FolderPath:Block01 FolderGuid:5710F1034B6DC7FBD588718E283EB93C
 |   |   |- Guid:573177074D0ADB4DA9A357AE2A5CADA8 BaseClass: NativeClass:/Script/Engine.StaticMeshActor Name:StaticMeshActor_49 Label:SM_ChamferCube14 SpatiallyLoaded:1 Bounds:IsValid=true, Min=(X=2423.814 Y=2249.640 Z=0.013), Max=(X=2523.814 Y=2349.640 Z=100.013) RuntimeGrid:None EditorOnly:0 RuntimeOnly:0 HLODRelevant:0 FolderPath:SimulatedCubes FolderGuid:9AEEADCB4DC6C647D6E7C0B4EDA1744F
 |   |   |- Guid:5ED865FB444A3BB3E6871F86918243B6 BaseClass:/Game/Blueprints/TrainingDummy/BP_PathPoint.BP_PathPoint_C NativeClass:/Script/Engine.Actor Name:BP_PathPoint_C_UAID_D8BBC13DB8B167B101_1754868199 Label:BP_PathPoint3 SpatiallyLoaded:1 Bounds:IsValid=true, Min=(X=380.436 Y=3069.969 Z=-0.000), Max=(X=380.436 Y=3069.969 Z=-0.000) RuntimeGrid:None EditorOnly:0 RuntimeOnly:0 HLODRelevant:0
 |   |   |- Guid:5F5F61E8485626C2E11444A275E53585 BaseClass: NativeClass:/Script/Engine.StaticMeshActor Name:StaticMeshActor_6 Label:SM_Ramp2 SpatiallyLoaded:1 Bounds:IsValid=true, Min=(X=1945.000 Y=400.000 Z=0.000), Max=(X=2345.000 Y=600.000 Z=100.000) RuntimeGrid:None EditorOnly:0 RuntimeOnly:0 HLODRelevant:1 FolderPath:Block01 FolderGuid:5710F1034B6DC7FBD588718E283EB93C
 |   |   |- Guid:5FE7584649BB6F09265329A6C57CFD0D BaseClass: NativeClass:/Script/Engine.VolumetricCloud Name:VolumetricCloud_0 Label:VolumetricCloud SpatiallyLoaded:0 Bounds:IsValid=true, Min=(X=0.000 Y=0.000 Z=820.000), Max=(X=0.000 Y=0.000 Z=820.000) RuntimeGrid:None EditorOnly:0 RuntimeOnly:0 HLODRelevant:0 FolderPath:Lighting FolderGuid:0BA5F0A04EADB18E70D5B180D08FA34B
 |   |   |- Guid:61391D344900612A77DFC3BA3E354907 BaseClass: NativeClass:/Script/Engine.ExponentialHeightFog Name:ExponentialHeightFog_0 Label:ExponentialHeightFog SpatiallyLoaded:0 Bounds:IsValid=true, Min=(X=-5600.000 Y=-50.000 Z=-6850.000), Max=(X=-5600.000 Y=-50.000 Z=-6850.000) RuntimeGrid:None EditorOnly:0 RuntimeOnly:0 HLODRelevant:0 FolderPath:Lighting FolderGuid:0BA5F0A04EADB18E70D5B180D08FA34B
 |   |   |- Guid:6B9F7C52434CCF99C7551893412C2C21 BaseClass: NativeClass:/Script/Engine.StaticMeshActor Name:StaticMeshActor_51 Label:SM_ChamferCube16 SpatiallyLoaded:1 Bounds:IsValid=true, Min=(X=2480.411 Y=2247.371 Z=100.013), Max=(X=2580.411 Y=2347.371 Z=200.013) RuntimeGrid:None EditorOnly:0 RuntimeOnly:0 HLODRelevant:0 FolderPath:SimulatedCubes FolderGuid:9AEEADCB4DC6C647D6E7C0B4EDA1744F
 |   |   |- Guid:6FEFB3BD4EB37B849EF0D4AC80F83855 BaseClass: NativeClass:/Script/Engine.WorldDataLayers Name:WorldDataLayers Label:WorldDataLayers SpatiallyLoaded:0 Bounds:IsValid=true, Min=(X=0.000 Y=0.000 Z=0.000), Max=(X=0.000 Y=0.000 Z=0.000) RuntimeGrid:None EditorOnly:0 RuntimeOnly:0 HLODRelevant:0
 |   |   |- Guid:764666EF4316C7851F06859A678454F2 BaseClass: NativeClass:/Script/Engine.StaticMeshActor Name:StaticMeshActor_46 Label:SM_ChamferCube12 SpatiallyLoaded:1 Bounds:IsValid=true, Min=(X=685.783 Y=2723.784 Z=0.013), Max=(X=826.666 Y=2864.668 Z=100.013) RuntimeGrid:None EditorOnly:0 RuntimeOnly:0 HLODRelevant:0 FolderPath:SimulatedCubes FolderGuid:9AEEADCB4DC6C647D6E7C0B4EDA1744F
 |   |   |- Guid:78907B824E304E162A9A02B9095F1FA1 BaseClass: NativeClass:/Script/Engine.StaticMeshActor Name:StaticMeshActor_43 Label:SM_ChamferCube9 SpatiallyLoaded:1 Bounds:IsValid=true, Min=(X=1191.292 Y=329.199 Z=0.013), Max=(X=1327.894 Y=465.801 Z=100.013) RuntimeGrid:None EditorOnly:0 RuntimeOnly:0 HLODRelevant:0 FolderPath:SimulatedCubes FolderGuid:9AEEADCB4DC6C647D6E7C0B4EDA1744F
 |   |   |- Guid:78CAF7514C7533F30BD2F19A017AAB65 BaseClass: NativeClass:/Script/Engine.StaticMeshActor Name:StaticMeshActor_0 Label:SM_Cube SpatiallyLoaded:1 Bounds:IsValid=true, Min=(X=0.000 Y=0.000 Z=-50.000), Max=(X=3000.000 Y=3500.000 Z=0.000) RuntimeGrid:None EditorOnly:0 RuntimeOnly:0 HLODRelevant:1 FolderPath:Playground FolderGuid:6C02BB504B69D1F3D7A624B130C18E5B
 |   |   |- Guid:7DCFF2144714F0843D87428AC48CE4F4 BaseClass: NativeClass:/Script/Engine.StaticMeshActor Name:StaticMeshActor_24 Label:SM_ChamferCube17 SpatiallyLoaded:1 Bounds:IsValid=true, Min=(X=364.319 Y=1244.901 Z=0.013), Max=(X=492.491 Y=1373.073 Z=100.013) RuntimeGrid:None EditorOnly:0 RuntimeOnly:0 HLODRelevant:0 FolderPath:SimulatedCubes FolderGuid:9AEEADCB4DC6C647D6E7C0B4EDA1744F
 |   |   |- Guid:82636DFB499224D215E466A53C353A57 BaseClass: NativeClass:/Script/Engine.StaticMeshActor Name:StaticMeshActor_12 Label:SM_Cube8 SpatiallyLoaded:1 Bounds:IsValid=true, Min=(X=100.000 Y=1600.000 Z=-127.754), Max=(X=2903.800 Y=1716.563 Z=72.246) RuntimeGrid:None EditorOnly:0 RuntimeOnly:0 HLODRelevant:1 FolderPath:Block04 FolderGuid:D00C3F324D055BED943FA6B0235C7FA2
 |   |   |- Guid:8559D1384B14F466E8927697A36C1D78 BaseClass: NativeClass:/Script/Engine.StaticMeshActor Name:StaticMeshActor_9 Label:SM_Cube5 SpatiallyLoaded:1 Bounds:IsValid=true, Min=(X=-0.000 Y=100.000 Z=0.000), Max=(X=100.000 Y=3400.000 Z=400.000) RuntimeGrid:None EditorOnly:0 RuntimeOnly:0 HLODRelevant:1 FolderPath:Playground FolderGuid:6C02BB504B69D1F3D7A624B130C18E5B
 |   |   |- Guid:8B066EE34623F24CD6640A9DEE101058 BaseClass:/Game/Blueprints/TrainingDummy/BPC_TrainingDummy.BPC_TrainingDummy_C NativeClass:/Script/Engine.Actor Name:BPC_TrainingDummy_C_UAID_D8BBC13DB8B167B101_1754873201 Label:BPC_TrainingDummy2 SpatiallyLoaded:1 Bounds:IsValid=true, Min=(X=2252.909 Y=3055.239 Z=-2.049), Max=(X=2408.399 Y=3098.592 Z=185.456) RuntimeGrid:None EditorOnly:0 RuntimeOnly:0 HLODRelevant:0
 |   |   |- Guid:8BD364424FD4CA7DA73BBBB62D9D567F BaseClass:/Game/Blueprints/TrainingDummy/BP_PathPoint.BP_PathPoint_C NativeClass:/Script/Engine.Actor Name:BP_PathPoint_C_UAID_D8BBC13DB8B170B101_1895105788 Label:BP_PathPoint6 SpatiallyLoaded:1 Bounds:IsValid=true, Min=(X=815.008 Y=1931.435 Z=-0.000), Max=(X=815.008 Y=1931.435 Z=-0.000) RuntimeGrid:None EditorOnly:0 RuntimeOnly:0 HLODRelevant:0
 |   |   |- Guid:8E9EA0F84D0FC901D6ABCF911C08AEE3 BaseClass: NativeClass:/Script/Engine.StaticMeshActor Name:StaticMeshActor_50 Label:SM_ChamferCube15 SpatiallyLoaded:1 Bounds:IsValid=true, Min=(X=2550.088 Y=2248.986 Z=0.013), Max=(X=2650.088 Y=2348.986 Z=100.013) RuntimeGrid:None EditorOnly:0 RuntimeOnly:0 HLODRelevant:0 FolderPath:SimulatedCubes FolderGuid:9AEEADCB4DC6C647D6E7C0B4EDA1744F
 |   |   |- Guid:90B7B8D3420C2EABA931D3A6A69DF696 BaseClass: NativeClass:/Script/Engine.StaticMeshActor Name:StaticMeshActor_3 Label:SM_Cube2 SpatiallyLoaded:1 Bounds:IsValid=true, Min=(X=0.000 Y=0.000 Z=0.000), Max=(X=3000.000 Y=100.000 Z=400.000) RuntimeGrid:None EditorOnly:0 RuntimeOnly:0 HLODRelevant:1 FolderPath:Playground FolderGuid:6C02BB504B69D1F3D7A624B130C18E5B
 |   |   |- Guid:A354B1B24E617A525DC6B48CCDE2417E BaseClass: NativeClass:/Script/Engine.PlayerStart Name:PlayerStart_0 Label:PlayerStart SpatiallyLoaded:0 Bounds:IsValid=true, Min=(X=860.000 Y=810.000 Z=0.013), Max=(X=940.000 Y=890.000 Z=184.013) RuntimeGrid:None EditorOnly:0 RuntimeOnly:0 HLODRelevant:0
 |   |   |- Guid:A7B868D6462E983D8F83E09867FC9928 BaseClass:/Game/Blueprints/TrainingDummy/BP_PathPoint.BP_PathPoint_C NativeClass:/Script/Engine.Actor Name:BP_PathPoint_C_UAID_D8BBC13DB8B170B101_1895101787 Label:BP_PathPoint5 SpatiallyLoaded:1 Bounds:IsValid=true, Min=(X=219.964 Y=1907.673 Z=-0.000), Max=(X=219.964 Y=1907.673 Z=-0.000) RuntimeGrid:None EditorOnly:0 RuntimeOnly:0 HLODRelevant:0
 |   |   |- Guid:B0718D6846706384220C03973177EDC1 BaseClass: NativeClass:/Script/Engine.StaticMeshActor Name:StaticMeshActor_44 Label:SM_ChamferCube10 SpatiallyLoaded:1 Bounds:IsValid=true, Min=(X=1139.330 Y=299.199 Z=100.013), Max=(X=1275.933 Y=435.801 Z=200.013) RuntimeGrid:None EditorOnly:0 RuntimeOnly:0 HLODRelevant:0 FolderPath:SimulatedCubes FolderGuid:9AEEADCB4DC6C647D6E7C0B4EDA1744F
 |   |   |- Guid:B1E356C04D0CD1605DCFE9B7A83B3E98 BaseClass: NativeClass:/Script/Engine.StaticMeshActor Name:StaticMeshActor_5 Label:SM_Cube4 SpatiallyLoaded:1 Bounds:IsValid=true, Min=(X=1745.000 Y=600.000 Z=0.000), Max=(X=2345.000 Y=1100.000 Z=200.000) RuntimeGrid:None EditorOnly:0 RuntimeOnly:0 HLODRelevant:1 FolderPath:Block01 FolderGuid:5710F1034B6DC7FBD588718E283EB93C
 |   |   |- Guid:BB14BB954F4278811847388C1008CA91 BaseClass:/Game/Blueprints/TrainingDummy/BPC_TrainingDummy.BPC_TrainingDummy_C NativeClass:/Script/Engine.Actor Name:BPC_TrainingDummy_C_UAID_D8BBC13DB8B19EA801_1294909375 Label:BPC_TrainingDummy SpatiallyLoaded:1 Bounds:IsValid=true, Min=(X=1478.743 Y=2388.162 Z=-2.049), Max=(X=1634.233 Y=2431.515 Z=185.456) RuntimeGrid:None EditorOnly:0 RuntimeOnly:0 HLODRelevant:0
 |   |   |- Guid:C22CE07C4B87D685137FDBBC10FC92C6 BaseClass: NativeClass:/Script/Engine.SkyAtmosphere Name:SkyAtmosphere_0 Label:SkyAtmosphere SpatiallyLoaded:0 Bounds:IsValid=true, Min=(X=0.000 Y=0.000 Z=1020.000), Max=(X=0.000 Y=0.000 Z=1020.000) RuntimeGrid:None EditorOnly:0 RuntimeOnly:0 HLODRelevant:0 FolderPath:Lighting FolderGuid:0BA5F0A04EADB18E70D5B180D08FA34B
 |   |   |- Guid:CE8D82634660FCDB3120E2B8D547C533 BaseClass: NativeClass:/Script/Engine.PostProcessVolume Name:PostProcessVolume_0 Label:PostProcessVolume SpatiallyLoaded:0 Bounds:IsValid=true, Min=(X=0.000 Y=0.000 Z=400.000), Max=(X=200.000 Y=200.000 Z=600.000) RuntimeGrid:None EditorOnly:0 RuntimeOnly:0 HLODRelevant:0 FolderPath:Lighting FolderGuid:0BA5F0A04EADB18E70D5B180D08FA34B
 |   |   |- Guid:D44940D943955A5965276FBBEA044017 BaseClass: NativeClass:/Script/Engine.StaticMeshActor Name:StaticMeshActor_20 Label:SM_ChamferCube2 SpatiallyLoaded:1 Bounds:IsValid=true, Min=(X=324.987 Y=1136.837 Z=0.013), Max=(X=453.158 Y=1265.008 Z=100.013) RuntimeGrid:None EditorOnly:0 RuntimeOnly:0 HLODRelevant:0 FolderPath:SimulatedCubes FolderGuid:9AEEADCB4DC6C647D6E7C0B4EDA1744F
 |   |   |- Guid:D65CE26D4543AB64D3E1CE82A79B39D9 BaseClass: NativeClass:/Script/Engine.StaticMeshActor Name:StaticMeshActor_45 Label:SM_ChamferCube11 SpatiallyLoaded:1 Bounds:IsValid=true, Min=(X=773.878 Y=2797.705 Z=0.013), Max=(X=914.761 Y=2938.588 Z=100.013) RuntimeGrid:None EditorOnly:0 RuntimeOnly:0 HLODRelevant:0 FolderPath:SimulatedCubes FolderGuid:9AEEADCB4DC6C647D6E7C0B4EDA1744F
 |   |   |- Guid:D935740A490176EB4702AF96F92450E8 BaseClass: NativeClass:/Script/Engine.StaticMeshActor Name:StaticMeshActor_38 Label:SM_ChamferCube18 SpatiallyLoaded:1 Bounds:IsValid=true, Min=(X=343.798 Y=1188.520 Z=100.013), Max=(X=471.969 Y=1316.691 Z=200.013) RuntimeGrid:None EditorOnly:0 RuntimeOnly:0 HLODRelevant:0 FolderPath:SimulatedCubes FolderGuid:9AEEADCB4DC6C647D6E7C0B4EDA1744F
 |   |   |- Guid:D990DA6047BD4F36C4F4DFA825501118 BaseClass:/Game/Blueprints/TrainingDummy/BP_PathPoint.BP_PathPoint_C NativeClass:/Script/Engine.Actor Name:BP_PathPoint_C_UAID_D8BBC13DB8B148B101_1759309743 Label:BP_PathPoint SpatiallyLoaded:1 Bounds:IsValid=true, Min=(X=1056.317 Y=2402.892 Z=-0.000), Max=(X=1056.317 Y=2402.892 Z=-0.000) RuntimeGrid:None EditorOnly:0 RuntimeOnly:0 HLODRelevant:0
 |   |   |- Guid:E00263F744FE2A7C633CA09325D94687 BaseClass:/Game/Blueprints/TrainingDummy/BPC_TrainingDummy.BPC_TrainingDummy_C NativeClass:/Script/Engine.Actor Name:BPC_TrainingDummy_C_UAID_D8BBC13DB8B170B101_1895107789 Label:BPC_TrainingDummy3 SpatiallyLoaded:1 Bounds:IsValid=true, Min=(X=688.856 Y=1892.944 Z=-2.049), Max=(X=844.346 Y=1936.297 Z=185.456) RuntimeGrid:None EditorOnly:0 RuntimeOnly:0 HLODRelevant:0
 |   |   |- Guid:E051597541B4C998010633A0C1018139 BaseClass: NativeClass:/Script/Engine.StaticMeshActor Name:StaticMeshActor_30 Label:SM_ChamferCube5 SpatiallyLoaded:1 Bounds:IsValid=true, Min=(X=1765.431 Y=2577.131 Z=0.063), Max=(X=1976.756 Y=2788.456 Z=150.063) RuntimeGrid:None EditorOnly:0 RuntimeOnly:0 HLODRelevant:0 FolderPath:SimulatedCubes FolderGuid:9AEEADCB4DC6C647D6E7C0B4EDA1744F
 |   |   |- Guid:E5320C1B4FD9764CE7B54D8487AEC613 BaseClass: NativeClass:/Script/Engine.SkyLight Name:SkyLight_0 Label:SkyLight SpatiallyLoaded:0 Bounds:IsValid=true, Min=(X=0.000 Y=0.000 Z=690.000), Max=(X=0.000 Y=0.000 Z=690.000) RuntimeGrid:None EditorOnly:0 RuntimeOnly:0 HLODRelevant:0 FolderPath:Lighting FolderGuid:0BA5F0A04EADB18E70D5B180D08FA34B
 |   |   |- Guid:EB260A4343402177EF2FA8AA9CCA795D BaseClass: NativeClass:/Script/Engine.StaticMeshActor Name:StaticMeshActor_14 Label:SM_Ramp3 SpatiallyLoaded:1 Bounds:IsValid=true, Min=(X=2345.000 Y=600.000 Z=100.000), Max=(X=2545.000 Y=1000.000 Z=200.000) RuntimeGrid:None EditorOnly:0 RuntimeOnly:0 HLODRelevant:1 FolderPath:Block01 FolderGuid:5710F1034B6DC7FBD588718E283EB93C
 |   |   |- Guid:EE66F4454A4A9F99393F559AB739C05E BaseClass:/Game/FirstPerson/Blueprints/BP_Pickup_Rifle.BP_Pickup_Rifle_C NativeClass:/Script/Engine.Actor Name:BP_Rifle_C_1 Label:BP_Pickup_Rifle SpatiallyLoaded:1 Bounds:IsValid=true, Min=(X=1378.000 Y=818.000 Z=64.000), Max=(X=1442.000 Y=907.440 Z=128.000) RuntimeGrid:None EditorOnly:0 RuntimeOnly:0 HLODRelevant:0
 |   |   |- Guid:F07F1AF64C7C7C238EE1B4BF8C122DD8 BaseClass: NativeClass:/Script/Engine.StaticMeshActor Name:StaticMeshActor_4 Label:SM_Cube3 SpatiallyLoaded:1 Bounds:IsValid=true, Min=(X=0.000 Y=3400.000 Z=0.000), Max=(X=3000.000 Y=3500.000 Z=400.000) RuntimeGrid:None EditorOnly:0 RuntimeOnly:0 HLODRelevant:1 FolderPath:Playground FolderGuid:6C02BB504B69D1F3D7A624B130C18E5B
 |   |   |- Guid:F2FD6B4E4C2264B573DAD39558B7C2EA BaseClass:/Game/Blueprints/TrainingDummy/BP_PathPoint.BP_PathPoint_C NativeClass:/Script/Engine.Actor Name:BP_PathPoint_C_UAID_D8BBC13DB8B148B101_1762066744 Label:BP_PathPoint2 SpatiallyLoaded:1 Bounds:IsValid=true, Min=(X=1791.373 Y=2426.653 Z=-0.000), Max=(X=1791.373 Y=2426.653 Z=-0.000) RuntimeGrid:None EditorOnly:0 RuntimeOnly:0 HLODRelevant:0
 |   |   |- Guid:F80621C9446867154938FE81375207DA BaseClass: NativeClass:/Script/Engine.DirectionalLight Name:DirectionalLight_1 Label:DirectionalLight SpatiallyLoaded:0 Bounds:IsValid=true, Min=(X=-1048576.000 Y=-1048576.000 Z=-1048576.000), Max=(X=1048576.000 Y=1048576.000 Z=1048576.000) RuntimeGrid:None EditorOnly:0 RuntimeOnly:0 HLODRelevant:0 FolderPath:Lighting FolderGuid:0BA5F0A04EADB18E70D5B180D08FA34B
 |   |   |- Guid:FAB307C44420E3C4C3245D850197EC7F BaseClass:/Game/Blueprints/TrainingDummy/BP_PathPoint.BP_PathPoint_C NativeClass:/Script/Engine.Actor Name:BP_PathPoint_C_UAID_D8BBC13DB8B167B101_1754872200 Label:BP_PathPoint4 SpatiallyLoaded:1 Bounds:IsValid=true, Min=(X=2565.540 Y=3093.730 Z=-0.000), Max=(X=2565.540 Y=3093.730 Z=-0.000) RuntimeGrid:None EditorOnly:0 RuntimeOnly:0 HLODRelevant:0
 |   |   |- Guid:FE369CF94A071F9176E524A237CA92AA BaseClass: NativeClass:/Script/Engine.StaticMeshActor Name:StaticMeshActor_1 Label:SM_ChamferCube SpatiallyLoaded:1 Bounds:IsValid=true, Min=(X=1091.699 Y=271.699 Z=0.013), Max=(X=1228.301 Y=408.301 Z=100.013) RuntimeGrid:None EditorOnly:0 RuntimeOnly:0 HLODRelevant:0 FolderPath:SimulatedCubes FolderGuid:9AEEADCB4DC6C647D6E7C0B4EDA1744F
 |   |- [+] Clusters:
 |   |   |- [+] [  0]
 |   |   |   |- Guid:540E8C5E4191C186DAFA39989A42F977 BaseClass: NativeClass:/Script/Engine.StaticMeshActor Name:StaticMeshActor_13 Label:SM_Cube9 SpatiallyLoaded:1 Bounds:IsValid=true, Min=(X=2345.000 Y=400.000 Z=0.000), Max=(X=2545.000 Y=1100.000 Z=100.000) RuntimeGrid:None EditorOnly:0 RuntimeOnly:0 HLODRelevant:1 FolderPath:Block01 FolderGuid:5710F1034B6DC7FBD588718E283EB93C
 |   |   |- [+] [  1]
 |   |   |   |- Guid:61391D344900612A77DFC3BA3E354907 BaseClass: NativeClass:/Script/Engine.ExponentialHeightFog Name:ExponentialHeightFog_0 Label:ExponentialHeightFog SpatiallyLoaded:0 Bounds:IsValid=true, Min=(X=-5600.000 Y=-50.000 Z=-6850.000), Max=(X=-5600.000 Y=-50.000 Z=-6850.000) RuntimeGrid:None EditorOnly:0 RuntimeOnly:0 HLODRelevant:0 FolderPath:Lighting FolderGuid:0BA5F0A04EADB18E70D5B180D08FA34B
 |   |   |- [+] [  2]
 |   |   |   |- Guid:5FE7584649BB6F09265329A6C57CFD0D BaseClass: NativeClass:/Script/Engine.VolumetricCloud Name:VolumetricCloud_0 Label:VolumetricCloud SpatiallyLoaded:0 Bounds:IsValid=true, Min=(X=0.000 Y=0.000 Z=820.000), Max=(X=0.000 Y=0.000 Z=820.000) RuntimeGrid:None EditorOnly:0 RuntimeOnly:0 HLODRelevant:0 FolderPath:Lighting FolderGuid:0BA5F0A04EADB18E70D5B180D08FA34B
 |   |   |- [+] [  3]
 |   |   |   |- Guid:D65CE26D4543AB64D3E1CE82A79B39D9 BaseClass: NativeClass:/Script/Engine.StaticMeshActor Name:StaticMeshActor_45 Label:SM_ChamferCube11 SpatiallyLoaded:1 Bounds:IsValid=true, Min=(X=773.878 Y=2797.705 Z=0.013), Max=(X=914.761 Y=2938.588 Z=100.013) RuntimeGrid:None EditorOnly:0 RuntimeOnly:0 HLODRelevant:0 FolderPath:SimulatedCubes FolderGuid:9AEEADCB4DC6C647D6E7C0B4EDA1744F
 |   |   |- [+] [  4]
 |   |   |   |- Guid:F80621C9446867154938FE81375207DA BaseClass: NativeClass:/Script/Engine.DirectionalLight Name:DirectionalLight_1 Label:DirectionalLight SpatiallyLoaded:0 Bounds:IsValid=true, Min=(X=-1048576.000 Y=-1048576.000 Z=-1048576.000), Max=(X=1048576.000 Y=1048576.000 Z=1048576.000) RuntimeGrid:None EditorOnly:0 RuntimeOnly:0 HLODRelevant:0 FolderPath:Lighting FolderGuid:0BA5F0A04EADB18E70D5B180D08FA34B
 |   |   |- [+] [  5]
 |   |   |   |- Guid:82636DFB499224D215E466A53C353A57 BaseClass: NativeClass:/Script/Engine.StaticMeshActor Name:StaticMeshActor_12 Label:SM_Cube8 SpatiallyLoaded:1 Bounds:IsValid=true, Min=(X=100.000 Y=1600.000 Z=-127.754), Max=(X=2903.800 Y=1716.563 Z=72.246) RuntimeGrid:None EditorOnly:0 RuntimeOnly:0 HLODRelevant:1 FolderPath:Block04 FolderGuid:D00C3F324D055BED943FA6B0235C7FA2
 |   |   |- [+] [  6]
 |   |   |   |- Guid:373BCADC4E0B3E726ED494AC5627B351 BaseClass: NativeClass:/Script/Engine.StaticMeshActor Name:StaticMeshActor_40 Label:SM_ChamferCube8 SpatiallyLoaded:1 Bounds:IsValid=true, Min=(X=2313.116 Y=1273.116 Z=0.063), Max=(X=2486.884 Y=1446.884 Z=150.063) RuntimeGrid:None EditorOnly:0 RuntimeOnly:0 HLODRelevant:0 FolderPath:SimulatedCubes FolderGuid:9AEEADCB4DC6C647D6E7C0B4EDA1744F
 |   |   |- [+] [  7]
 |   |   |   |- Guid:8E9EA0F84D0FC901D6ABCF911C08AEE3 BaseClass: NativeClass:/Script/Engine.StaticMeshActor Name:StaticMeshActor_50 Label:SM_ChamferCube15 SpatiallyLoaded:1 Bounds:IsValid=true, Min=(X=2550.088 Y=2248.986 Z=0.013), Max=(X=2650.088 Y=2348.986 Z=100.013) RuntimeGrid:None EditorOnly:0 RuntimeOnly:0 HLODRelevant:0 FolderPath:SimulatedCubes FolderGuid:9AEEADCB4DC6C647D6E7C0B4EDA1744F
 |   |   |- [+] [  8]
 |   |   |   |- Guid:21262252453B37957EF29F82ABA2413B BaseClass: NativeClass:/Script/Engine.TextRenderActor Name:TextRenderActor_1 Label:TextRenderActor SpatiallyLoaded:1 Bounds:IsValid=true, Min=(X=-0.100 Y=1100.000 Z=65.013), Max=(X=-0.100 Y=2363.461 Z=215.013) RuntimeGrid:None EditorOnly:0 RuntimeOnly:0 HLODRelevant:0
 |   |   |- [+] [  9]
 |   |   |   |- Guid:014139064B272AE31FF877B819CB5734 BaseClass: NativeClass:/Script/Engine.StaticMeshActor Name:StaticMeshActor_8 Label:SM_ChamferCube3 SpatiallyLoaded:1 Bounds:IsValid=true, Min=(X=1125.092 Y=1955.745 Z=-5.161), Max=(X=1253.943 Y=2084.596 Z=89.164) RuntimeGrid:None EditorOnly:0 RuntimeOnly:0 HLODRelevant:0 FolderPath:SimulatedCubes FolderGuid:9AEEADCB4DC6C647D6E7C0B4EDA1744F
 |   |   |- [+] [ 10]
 |   |   |   |- Guid:5F5F61E8485626C2E11444A275E53585 BaseClass: NativeClass:/Script/Engine.StaticMeshActor Name:StaticMeshActor_6 Label:SM_Ramp2 SpatiallyLoaded:1 Bounds:IsValid=true, Min=(X=1945.000 Y=400.000 Z=0.000), Max=(X=2345.000 Y=600.000 Z=100.000) RuntimeGrid:None EditorOnly:0 RuntimeOnly:0 HLODRelevant:1 FolderPath:Block01 FolderGuid:5710F1034B6DC7FBD588718E283EB93C
 |   |   |- [+] [ 11]
 |   |   |   |- Guid:90B7B8D3420C2EABA931D3A6A69DF696 BaseClass: NativeClass:/Script/Engine.StaticMeshActor Name:StaticMeshActor_3 Label:SM_Cube2 SpatiallyLoaded:1 Bounds:IsValid=true, Min=(X=0.000 Y=0.000 Z=0.000), Max=(X=3000.000 Y=100.000 Z=400.000) RuntimeGrid:None EditorOnly:0 RuntimeOnly:0 HLODRelevant:1 FolderPath:Playground FolderGuid:6C02BB504B69D1F3D7A624B130C18E5B
 |   |   |- [+] [ 12]
 |   |   |   |- Guid:FE369CF94A071F9176E524A237CA92AA BaseClass: NativeClass:/Script/Engine.StaticMeshActor Name:StaticMeshActor_1 Label:SM_ChamferCube SpatiallyLoaded:1 Bounds:IsValid=true, Min=(X=1091.699 Y=271.699 Z=0.013), Max=(X=1228.301 Y=408.301 Z=100.013) RuntimeGrid:None EditorOnly:0 RuntimeOnly:0 HLODRelevant:0 FolderPath:SimulatedCubes FolderGuid:9AEEADCB4DC6C647D6E7C0B4EDA1744F
 |   |   |- [+] [ 13]
 |   |   |   |- Guid:B1E356C04D0CD1605DCFE9B7A83B3E98 BaseClass: NativeClass:/Script/Engine.StaticMeshActor Name:StaticMeshActor_5 Label:SM_Cube4 SpatiallyLoaded:1 Bounds:IsValid=true, Min=(X=1745.000 Y=600.000 Z=0.000), Max=(X=2345.000 Y=1100.000 Z=200.000) RuntimeGrid:None EditorOnly:0 RuntimeOnly:0 HLODRelevant:1 FolderPath:Block01 FolderGuid:5710F1034B6DC7FBD588718E283EB93C
 |   |   |- [+] [ 14]
 |   |   |   |- Guid:2A78EF094E089635A07B30AB9A046A81 BaseClass: NativeClass:/Script/Engine.StaticMeshActor Name:StaticMeshActor_47 Label:SM_ChamferCube13 SpatiallyLoaded:1 Bounds:IsValid=true, Min=(X=731.746 Y=2762.352 Z=100.013), Max=(X=872.629 Y=2903.235 Z=200.013) RuntimeGrid:None EditorOnly:0 RuntimeOnly:0 HLODRelevant:0 FolderPath:SimulatedCubes FolderGuid:9AEEADCB4DC6C647D6E7C0B4EDA1744F
 |   |   |- [+] [ 15]
 |   |   |   |- Guid:7DCFF2144714F0843D87428AC48CE4F4 BaseClass: NativeClass:/Script/Engine.StaticMeshActor Name:StaticMeshActor_24 Label:SM_ChamferCube17 SpatiallyLoaded:1 Bounds:IsValid=true, Min=(X=364.319 Y=1244.901 Z=0.013), Max=(X=492.491 Y=1373.073 Z=100.013) RuntimeGrid:None EditorOnly:0 RuntimeOnly:0 HLODRelevant:0 FolderPath:SimulatedCubes FolderGuid:9AEEADCB4DC6C647D6E7C0B4EDA1744F
 |   |   |- [+] [ 16]
 |   |   |   |- Guid:D935740A490176EB4702AF96F92450E8 BaseClass: NativeClass:/Script/Engine.StaticMeshActor Name:StaticMeshActor_38 Label:SM_ChamferCube18 SpatiallyLoaded:1 Bounds:IsValid=true, Min=(X=343.798 Y=1188.520 Z=100.013), Max=(X=471.969 Y=1316.691 Z=200.013) RuntimeGrid:None EditorOnly:0 RuntimeOnly:0 HLODRelevant:0 FolderPath:SimulatedCubes FolderGuid:9AEEADCB4DC6C647D6E7C0B4EDA1744F
 |   |   |- [+] [ 17]
 |   |   |   |- Guid:4E7B03D240C8095A98E5708F41E1DDD8 BaseClass: NativeClass:/Script/Engine.StaticMeshActor Name:StaticMeshActor_15 Label:SM_Cube10 SpatiallyLoaded:1 Bounds:IsValid=true, Min=(X=2345.000 Y=1000.000 Z=100.000), Max=(X=2545.000 Y=1100.000 Z=200.000) RuntimeGrid:None EditorOnly:0 RuntimeOnly:0 HLODRelevant:1 FolderPath:Block01 FolderGuid:5710F1034B6DC7FBD588718E283EB93C
 |   |   |- [+] [ 18]
 |   |   |   |- Guid:EE66F4454A4A9F99393F559AB739C05E BaseClass:/Game/FirstPerson/Blueprints/BP_Pickup_Rifle.BP_Pickup_Rifle_C NativeClass:/Script/Engine.Actor Name:BP_Rifle_C_1 Label:BP_Pickup_Rifle SpatiallyLoaded:1 Bounds:IsValid=true, Min=(X=1378.000 Y=818.000 Z=64.000), Max=(X=1442.000 Y=907.440 Z=128.000) RuntimeGrid:None EditorOnly:0 RuntimeOnly:0 HLODRelevant:0
 |   |   |- [+] [ 19]
 |   |   |   |- Guid:CE8D82634660FCDB3120E2B8D547C533 BaseClass: NativeClass:/Script/Engine.PostProcessVolume Name:PostProcessVolume_0 Label:PostProcessVolume SpatiallyLoaded:0 Bounds:IsValid=true, Min=(X=0.000 Y=0.000 Z=400.000), Max=(X=200.000 Y=200.000 Z=600.000) RuntimeGrid:None EditorOnly:0 RuntimeOnly:0 HLODRelevant:0 FolderPath:Lighting FolderGuid:0BA5F0A04EADB18E70D5B180D08FA34B
 |   |   |- [+] [ 20]
 |   |   |   |- Guid:E5320C1B4FD9764CE7B54D8487AEC613 BaseClass: NativeClass:/Script/Engine.SkyLight Name:SkyLight_0 Label:SkyLight SpatiallyLoaded:0 Bounds:IsValid=true, Min=(X=0.000 Y=0.000 Z=690.000), Max=(X=0.000 Y=0.000 Z=690.000) RuntimeGrid:None EditorOnly:0 RuntimeOnly:0 HLODRelevant:0 FolderPath:Lighting FolderGuid:0BA5F0A04EADB18E70D5B180D08FA34B
 |   |   |- [+] [ 21]
 |   |   |   |- Guid:503301344EDD2580C9B8269BA1FF0C83 BaseClass: NativeClass:/Script/Engine.StaticMeshActor Name:StaticMeshActor_29 Label:SM_ChamferCube4 SpatiallyLoaded:1 Bounds:IsValid=true, Min=(X=334.338 Y=334.338 Z=0.063), Max=(X=545.662 Y=545.662 Z=150.063) RuntimeGrid:None EditorOnly:0 RuntimeOnly:0 HLODRelevant:0 FolderPath:SimulatedCubes FolderGuid:9AEEADCB4DC6C647D6E7C0B4EDA1744F
 |   |   |- [+] [ 22]
 |   |   |   |- Guid:F07F1AF64C7C7C238EE1B4BF8C122DD8 BaseClass: NativeClass:/Script/Engine.StaticMeshActor Name:StaticMeshActor_4 Label:SM_Cube3 SpatiallyLoaded:1 Bounds:IsValid=true, Min=(X=0.000 Y=3400.000 Z=0.000), Max=(X=3000.000 Y=3500.000 Z=400.000) RuntimeGrid:None EditorOnly:0 RuntimeOnly:0 HLODRelevant:1 FolderPath:Playground FolderGuid:6C02BB504B69D1F3D7A624B130C18E5B
 |   |   |- [+] [ 23]
 |   |   |   |- Guid:78907B824E304E162A9A02B9095F1FA1 BaseClass: NativeClass:/Script/Engine.StaticMeshActor Name:StaticMeshActor_43 Label:SM_ChamferCube9 SpatiallyLoaded:1 Bounds:IsValid=true, Min=(X=1191.292 Y=329.199 Z=0.013), Max=(X=1327.894 Y=465.801 Z=100.013) RuntimeGrid:None EditorOnly:0 RuntimeOnly:0 HLODRelevant:0 FolderPath:SimulatedCubes FolderGuid:9AEEADCB4DC6C647D6E7C0B4EDA1744F
 |   |   |- [+] [ 24]
 |   |   |   |- Guid:78CAF7514C7533F30BD2F19A017AAB65 BaseClass: NativeClass:/Script/Engine.StaticMeshActor Name:StaticMeshActor_0 Label:SM_Cube SpatiallyLoaded:1 Bounds:IsValid=true, Min=(X=0.000 Y=0.000 Z=-50.000), Max=(X=3000.000 Y=3500.000 Z=0.000) RuntimeGrid:None EditorOnly:0 RuntimeOnly:0 HLODRelevant:1 FolderPath:Playground FolderGuid:6C02BB504B69D1F3D7A624B130C18E5B
 |   |   |- [+] [ 25]
 |   |   |   |- Guid:573177074D0ADB4DA9A357AE2A5CADA8 BaseClass: NativeClass:/Script/Engine.StaticMeshActor Name:StaticMeshActor_49 Label:SM_ChamferCube14 SpatiallyLoaded:1 Bounds:IsValid=true, Min=(X=2423.814 Y=2249.640 Z=0.013), Max=(X=2523.814 Y=2349.640 Z=100.013) RuntimeGrid:None EditorOnly:0 RuntimeOnly:0 HLODRelevant:0 FolderPath:SimulatedCubes FolderGuid:9AEEADCB4DC6C647D6E7C0B4EDA1744F
 |   |   |- [+] [ 26]
 |   |   |   |- Guid:E051597541B4C998010633A0C1018139 BaseClass: NativeClass:/Script/Engine.StaticMeshActor Name:StaticMeshActor_30 Label:SM_ChamferCube5 SpatiallyLoaded:1 Bounds:IsValid=true, Min=(X=1765.431 Y=2577.131 Z=0.063), Max=(X=1976.756 Y=2788.456 Z=150.063) RuntimeGrid:None EditorOnly:0 RuntimeOnly:0 HLODRelevant:0 FolderPath:SimulatedCubes FolderGuid:9AEEADCB4DC6C647D6E7C0B4EDA1744F
 |   |   |- [+] [ 27]
 |   |   |   |- Guid:B0718D6846706384220C03973177EDC1 BaseClass: NativeClass:/Script/Engine.StaticMeshActor Name:StaticMeshActor_44 Label:SM_ChamferCube10 SpatiallyLoaded:1 Bounds:IsValid=true, Min=(X=1139.330 Y=299.199 Z=100.013), Max=(X=1275.933 Y=435.801 Z=200.013) RuntimeGrid:None EditorOnly:0 RuntimeOnly:0 HLODRelevant:0 FolderPath:SimulatedCubes FolderGuid:9AEEADCB4DC6C647D6E7C0B4EDA1744F
 |   |   |- [+] [ 28]
 |   |   |   |- Guid:EB260A4343402177EF2FA8AA9CCA795D BaseClass: NativeClass:/Script/Engine.StaticMeshActor Name:StaticMeshActor_14 Label:SM_Ramp3 SpatiallyLoaded:1 Bounds:IsValid=true, Min=(X=2345.000 Y=600.000 Z=100.000), Max=(X=2545.000 Y=1000.000 Z=200.000) RuntimeGrid:None EditorOnly:0 RuntimeOnly:0 HLODRelevant:1 FolderPath:Block01 FolderGuid:5710F1034B6DC7FBD588718E283EB93C
 |   |   |- [+] [ 29]
 |   |   |   |- Guid:BB14BB954F4278811847388C1008CA91 BaseClass:/Game/Blueprints/TrainingDummy/BPC_TrainingDummy.BPC_TrainingDummy_C NativeClass:/Script/Engine.Actor Name:BPC_TrainingDummy_C_UAID_D8BBC13DB8B19EA801_1294909375 Label:BPC_TrainingDummy SpatiallyLoaded:1 Bounds:IsValid=true, Min=(X=1478.743 Y=2388.162 Z=-2.049), Max=(X=1634.233 Y=2431.515 Z=185.456) RuntimeGrid:None EditorOnly:0 RuntimeOnly:0 HLODRelevant:0
 |   |   |   |- Guid:F2FD6B4E4C2264B573DAD39558B7C2EA BaseClass:/Game/Blueprints/TrainingDummy/BP_PathPoint.BP_PathPoint_C NativeClass:/Script/Engine.Actor Name:BP_PathPoint_C_UAID_D8BBC13DB8B148B101_1762066744 Label:BP_PathPoint2 SpatiallyLoaded:1 Bounds:IsValid=true, Min=(X=1791.373 Y=2426.653 Z=-0.000), Max=(X=1791.373 Y=2426.653 Z=-0.000) RuntimeGrid:None EditorOnly:0 RuntimeOnly:0 HLODRelevant:0
 |   |   |   |- Guid:D990DA6047BD4F36C4F4DFA825501118 BaseClass:/Game/Blueprints/TrainingDummy/BP_PathPoint.BP_PathPoint_C NativeClass:/Script/Engine.Actor Name:BP_PathPoint_C_UAID_D8BBC13DB8B148B101_1759309743 Label:BP_PathPoint SpatiallyLoaded:1 Bounds:IsValid=true, Min=(X=1056.317 Y=2402.892 Z=-0.000), Max=(X=1056.317 Y=2402.892 Z=-0.000) RuntimeGrid:None EditorOnly:0 RuntimeOnly:0 HLODRelevant:0
 |   |   |- [+] [ 30]
 |   |   |   |- Guid:764666EF4316C7851F06859A678454F2 BaseClass: NativeClass:/Script/Engine.StaticMeshActor Name:StaticMeshActor_46 Label:SM_ChamferCube12 SpatiallyLoaded:1 Bounds:IsValid=true, Min=(X=685.783 Y=2723.784 Z=0.013), Max=(X=826.666 Y=2864.668 Z=100.013) RuntimeGrid:None EditorOnly:0 RuntimeOnly:0 HLODRelevant:0 FolderPath:SimulatedCubes FolderGuid:9AEEADCB4DC6C647D6E7C0B4EDA1744F
 |   |   |- [+] [ 31]
 |   |   |   |- Guid:A354B1B24E617A525DC6B48CCDE2417E BaseClass: NativeClass:/Script/Engine.PlayerStart Name:PlayerStart_0 Label:PlayerStart SpatiallyLoaded:0 Bounds:IsValid=true, Min=(X=860.000 Y=810.000 Z=0.013), Max=(X=940.000 Y=890.000 Z=184.013) RuntimeGrid:None EditorOnly:0 RuntimeOnly:0 HLODRelevant:0
 |   |   |- [+] [ 32]
 |   |   |   |- Guid:6B9F7C52434CCF99C7551893412C2C21 BaseClass: NativeClass:/Script/Engine.StaticMeshActor Name:StaticMeshActor_51 Label:SM_ChamferCube16 SpatiallyLoaded:1 Bounds:IsValid=true, Min=(X=2480.411 Y=2247.371 Z=100.013), Max=(X=2580.411 Y=2347.371 Z=200.013) RuntimeGrid:None EditorOnly:0 RuntimeOnly:0 HLODRelevant:0 FolderPath:SimulatedCubes FolderGuid:9AEEADCB4DC6C647D6E7C0B4EDA1744F
 |   |   |- [+] [ 33]
 |   |   |   |- Guid:0EDB289B45CB7E0977A6DBA74201EE76 BaseClass: NativeClass:/Script/Engine.StaticMeshActor Name:StaticMeshActor_10 Label:SM_Cube6 SpatiallyLoaded:1 Bounds:IsValid=true, Min=(X=2900.000 Y=100.000 Z=0.000), Max=(X=3000.000 Y=3400.000 Z=400.000) RuntimeGrid:None EditorOnly:0 RuntimeOnly:0 HLODRelevant:1 FolderPath:Playground FolderGuid:6C02BB504B69D1F3D7A624B130C18E5B
 |   |   |- [+] [ 34]
 |   |   |   |- Guid:8559D1384B14F466E8927697A36C1D78 BaseClass: NativeClass:/Script/Engine.StaticMeshActor Name:StaticMeshActor_9 Label:SM_Cube5 SpatiallyLoaded:1 Bounds:IsValid=true, Min=(X=-0.000 Y=100.000 Z=0.000), Max=(X=100.000 Y=3400.000 Z=400.000) RuntimeGrid:None EditorOnly:0 RuntimeOnly:0 HLODRelevant:1 FolderPath:Playground FolderGuid:6C02BB504B69D1F3D7A624B130C18E5B
 |   |   |- [+] [ 35]
 |   |   |   |- Guid:8B066EE34623F24CD6640A9DEE101058 BaseClass:/Game/Blueprints/TrainingDummy/BPC_TrainingDummy.BPC_TrainingDummy_C NativeClass:/Script/Engine.Actor Name:BPC_TrainingDummy_C_UAID_D8BBC13DB8B167B101_1754873201 Label:BPC_TrainingDummy2 SpatiallyLoaded:1 Bounds:IsValid=true, Min=(X=2252.909 Y=3055.239 Z=-2.049), Max=(X=2408.399 Y=3098.592 Z=185.456) RuntimeGrid:None EditorOnly:0 RuntimeOnly:0 HLODRelevant:0
 |   |   |   |- Guid:FAB307C44420E3C4C3245D850197EC7F BaseClass:/Game/Blueprints/TrainingDummy/BP_PathPoint.BP_PathPoint_C NativeClass:/Script/Engine.Actor Name:BP_PathPoint_C_UAID_D8BBC13DB8B167B101_1754872200 Label:BP_PathPoint4 SpatiallyLoaded:1 Bounds:IsValid=true, Min=(X=2565.540 Y=3093.730 Z=-0.000), Max=(X=2565.540 Y=3093.730 Z=-0.000) RuntimeGrid:None EditorOnly:0 RuntimeOnly:0 HLODRelevant:0
 |   |   |   |- Guid:5ED865FB444A3BB3E6871F86918243B6 BaseClass:/Game/Blueprints/TrainingDummy/BP_PathPoint.BP_PathPoint_C NativeClass:/Script/Engine.Actor Name:BP_PathPoint_C_UAID_D8BBC13DB8B167B101_1754868199 Label:BP_PathPoint3 SpatiallyLoaded:1 Bounds:IsValid=true, Min=(X=380.436 Y=3069.969 Z=-0.000), Max=(X=380.436 Y=3069.969 Z=-0.000) RuntimeGrid:None EditorOnly:0 RuntimeOnly:0 HLODRelevant:0
 |   |   |- [+] [ 36]
 |   |   |   |- Guid:C22CE07C4B87D685137FDBBC10FC92C6 BaseClass: NativeClass:/Script/Engine.SkyAtmosphere Name:SkyAtmosphere_0 Label:SkyAtmosphere SpatiallyLoaded:0 Bounds:IsValid=true, Min=(X=0.000 Y=0.000 Z=1020.000), Max=(X=0.000 Y=0.000 Z=1020.000) RuntimeGrid:None EditorOnly:0 RuntimeOnly:0 HLODRelevant:0 FolderPath:Lighting FolderGuid:0BA5F0A04EADB18E70D5B180D08FA34B
 |   |   |- [+] [ 37]
 |   |   |   |- Guid:6FEFB3BD4EB37B849EF0D4AC80F83855 BaseClass: NativeClass:/Script/Engine.WorldDataLayers Name:WorldDataLayers Label:WorldDataLayers SpatiallyLoaded:0 Bounds:IsValid=true, Min=(X=0.000 Y=0.000 Z=0.000), Max=(X=0.000 Y=0.000 Z=0.000) RuntimeGrid:None EditorOnly:0 RuntimeOnly:0 HLODRelevant:0
 |   |   |- [+] [ 38]
 |   |   |   |- Guid:E00263F744FE2A7C633CA09325D94687 BaseClass:/Game/Blueprints/TrainingDummy/BPC_TrainingDummy.BPC_TrainingDummy_C NativeClass:/Script/Engine.Actor Name:BPC_TrainingDummy_C_UAID_D8BBC13DB8B170B101_1895107789 Label:BPC_TrainingDummy3 SpatiallyLoaded:1 Bounds:IsValid=true, Min=(X=688.856 Y=1892.944 Z=-2.049), Max=(X=844.346 Y=1936.297 Z=185.456) RuntimeGrid:None EditorOnly:0 RuntimeOnly:0 HLODRelevant:0
 |   |   |   |- Guid:8BD364424FD4CA7DA73BBBB62D9D567F BaseClass:/Game/Blueprints/TrainingDummy/BP_PathPoint.BP_PathPoint_C NativeClass:/Script/Engine.Actor Name:BP_PathPoint_C_UAID_D8BBC13DB8B170B101_1895105788 Label:BP_PathPoint6 SpatiallyLoaded:1 Bounds:IsValid=true, Min=(X=815.008 Y=1931.435 Z=-0.000), Max=(X=815.008 Y=1931.435 Z=-0.000) RuntimeGrid:None EditorOnly:0 RuntimeOnly:0 HLODRelevant:0
 |   |   |   |- Guid:A7B868D6462E983D8F83E09867FC9928 BaseClass:/Game/Blueprints/TrainingDummy/BP_PathPoint.BP_PathPoint_C NativeClass:/Script/Engine.Actor Name:BP_PathPoint_C_UAID_D8BBC13DB8B170B101_1895101787 Label:BP_PathPoint5 SpatiallyLoaded:1 Bounds:IsValid=true, Min=(X=219.964 Y=1907.673 Z=-0.000), Max=(X=219.964 Y=1907.673 Z=-0.000) RuntimeGrid:None EditorOnly:0 RuntimeOnly:0 HLODRelevant:0
 |   |   |- [+] [ 39]
 |   |   |   |- Guid:D44940D943955A5965276FBBEA044017 BaseClass: NativeClass:/Script/Engine.StaticMeshActor Name:StaticMeshActor_20 Label:SM_ChamferCube2 SpatiallyLoaded:1 Bounds:IsValid=true, Min=(X=324.987 Y=1136.837 Z=0.013), Max=(X=453.158 Y=1265.008 Z=100.013) RuntimeGrid:None EditorOnly:0 RuntimeOnly:0 HLODRelevant:0 FolderPath:SimulatedCubes FolderGuid:9AEEADCB4DC6C647D6E7C0B4EDA1744F
 |- ContainerInstances:
 |- [+] MainContainer:
 |   |-        ID: 0x0000000000000000
 |   |-    Bounds: IsValid=false, Min=(X=0.000 Y=0.000 Z=0.000), Max=(X=0.000 Y=0.000 Z=0.000)
 |   |- Transform: 0.000000,0.000000,0.000000|0.000000,0.000000,-0.000000|1.000000,1.000000,1.000000
 |   |- Container: /Game/FirstPerson/Maps/FirstPersonMap
----------------------------------------------------------------------------------------------------------------
FirstPersonMap - Persistent Level
----------------------------------------------------------------------------------------------------------------
Always loaded Actor Count: 53 

----------------------------------------------------------------------------------------------------------------
FirstPersonMap - Runtime Spatial Hash - Streaming Grid - MainGrid
----------------------------------------------------------------------------------------------------------------
            Origin: X=0.000 Y=0.000 Z=0.000
         Cell Size: 12800
      World Bounds: IsValid=false, Min=(X=0.000 Y=0.000 Z=0.000), Max=(X=0.000 Y=0.000 Z=0.000)
     Loading Range: 25600.00
Block Slow Loading: No
 ClientOnlyVisible: No

[+] Grid Levels: 1
 |- Level  0: Cell Count    0 | Cell Size   12800 | Actor Count    0 (0.0%)

[+] Content of Grid Level 0

